# JRE version: Java(TM) SE Runtime Environment (7.0_67-b01) (build 1.7.0_67-b01)
# Java VM: Java HotSpot(TM) 64-Bit Server VM (24.65-b04 mixed mode windows-amd64 compressed oops)
Heap
 PSYoungGen      total 58368K, used 37329K [0x00000007d5e80000, 0x00000007dc200000, 0x0000000800000000)
  eden space 57856K, 64% used [0x00000007d5e80000,0x00000007d82e4680,0x00000007d9700000)
  from space 512K, 12% used [0x00000007dc180000,0x00000007dc190000,0x00000007dc200000)
  to   space 512K, 0% used [0x00000007dc100000,0x00000007dc100000,0x00000007dc180000)
 ParOldGen       total 86016K, used 33882K [0x0000000781c00000, 0x0000000787000000, 0x00000007d5e80000)
  object space 86016K, 39% used [0x0000000781c00000,0x0000000783d16858,0x0000000787000000)
 PSPermGen       total 21504K, used 9024K [0x000000077ca00000, 0x000000077df00000, 0x0000000781c00000)
  object space 21504K, 41% used [0x000000077ca00000,0x000000077d2d02d8,0x000000077df00000)
GC Heap History (10 events):
Event: 578.435 GC heap before
{Heap before GC invocations=1036 (full 0):
 PSYoungGen      total 67072K, used 66624K [0x00000007d5e80000, 0x00000007dc200000, 0x0000000800000000)
  eden space 66560K, 100% used [0x00000007d5e80000,0x00000007d9f80000,0x00000007d9f80000)
  from space 512K, 12% used [0x00000007dc100000,0x00000007dc110000,0x00000007dc180000)
  to   space 512K, 0% used [0x00000007dc180000,0x00000007dc180000,0x00000007dc200000)
 ParOldGen       total 86016K, used 33882K [0x0000000781c00000, 0x0000000787000000, 0x00000007d5e80000)
  object space 86016K, 39% used [0x0000000781c00000,0x0000000783d16858,0x0000000787000000)
 PSPermGen       total 21504K, used 9024K [0x000000077ca00000, 0x000000077df00000, 0x0000000781c00000)
  object space 21504K, 41% used [0x000000077ca00000,0x000000077d2d02d8,0x000000077df00000)
Event: 578.435 GC heap after
Heap after GC invocations=1036 (full 0):
 PSYoungGen      total 65024K, used 96K [0x00000007d5e80000, 0x00000007dc200000, 0x0000000800000000)
  eden space 64512K, 0% used [0x00000007d5e80000,0x00000007d5e80000,0x00000007d9d80000)
  from space 512K, 18% used [0x00000007dc180000,0x00000007dc198000,0x00000007dc200000)
  to   space 512K, 0% used [0x00000007dc100000,0x00000007dc100000,0x00000007dc180000)
 ParOldGen       total 86016K, used 33882K [0x0000000781c00000, 0x0000000787000000, 0x00000007d5e80000)
  object space 86016K, 39% used [0x0000000781c00000,0x0000000783d16858,0x0000000787000000)
 PSPermGen       total 21504K, used 9024K [0x000000077ca00000, 0x000000077df00000, 0x0000000781c00000)
  object space 21504K, 41% used [0x000000077ca00000,0x000000077d2d02d8,0x000000077df00000)
}
Event: 579.344 GC heap before
{Heap before GC invocations=1037 (full 0):
 PSYoungGen      total 65024K, used 64608K [0x00000007d5e80000, 0x00000007dc200000, 0x0000000800000000)
  eden space 64512K, 100% used [0x00000007d5e80000,0x00000007d9d80000,0x00000007d9d80000)
  from space 512K, 18% used [0x00000007dc180000,0x00000007dc198000,0x00000007dc200000)
  to   space 512K, 0% used [0x00000007dc100000,0x00000007dc100000,0x00000007dc180000)
 ParOldGen       total 86016K, used 33882K [0x0000000781c00000, 0x0000000787000000, 0x00000007d5e80000)
  object space 86016K, 39% used [0x0000000781c00000,0x0000000783d16858,0x0000000787000000)
 PSPermGen       total 21504K, used 9024K [0x000000077ca00000, 0x000000077df00000, 0x0000000781c00000)
  object space 21504K, 41% used [0x000000077ca00000,0x000000077d2d02d8,0x000000077df00000)
Event: 579.345 GC heap after
Heap after GC invocations=1037 (full 0):
 PSYoungGen      total 62976K, used 64K [0x00000007d5e80000, 0x00000007dc200000, 0x0000000800000000)
  eden space 62464K, 0% used [0x00000007d5e80000,0x00000007d5e80000,0x00000007d9b80000)
  from space 512K, 12% used [0x00000007dc100000,0x00000007dc110000,0x00000007dc180000)
  to   space 512K, 0% used [0x00000007dc180000,0x00000007dc180000,0x00000007dc200000)
 ParOldGen       total 86016K, used 33882K [0x0000000781c00000, 0x0000000787000000, 0x00000007d5e80000)
  object space 86016K, 39% used [0x0000000781c00000,0x0000000783d16858,0x0000000787000000)
 PSPermGen       total 21504K, used 9024K [0x000000077ca00000, 0x000000077df00000, 0x0000000781c00000)
  object space 21504K, 41% used [0x000000077ca00000,0x000000077d2d02d8,0x000000077df00000)
}
Event: 580.269 GC heap before
{Heap before GC invocations=1038 (full 0):
 PSYoungGen      total 62976K, used 62528K [0x00000007d5e80000, 0x00000007dc200000, 0x0000000800000000)
  eden space 62464K, 100% used [0x00000007d5e80000,0x00000007d9b80000,0x00000007d9b80000)
  from space 512K, 12% used [0x00000007dc100000,0x00000007dc110000,0x00000007dc180000)
  to   space 512K, 0% used [0x00000007dc180000,0x00000007dc180000,0x00000007dc200000)
 ParOldGen       total 86016K, used 33882K [0x0000000781c00000, 0x0000000787000000, 0x00000007d5e80000)
  object space 86016K, 39% used [0x0000000781c00000,0x0000000783d16858,0x0000000787000000)
 PSPermGen       total 21504K, used 9024K [0x000000077ca00000, 0x000000077df00000, 0x0000000781c00000)
  object space 21504K, 41% used [0x000000077ca00000,0x000000077d2d02d8,0x000000077df00000)
Event: 580.275 GC heap after
Heap after GC invocations=1038 (full 0):
 PSYoungGen      total 61440K, used 32K [0x00000007d5e80000, 0x00000007dc200000, 0x0000000800000000)
  eden space 60928K, 0% used [0x00000007d5e80000,0x00000007d5e80000,0x00000007d9a00000)
  from space 512K, 6% used [0x00000007dc180000,0x00000007dc188000,0x00000007dc200000)
  to   space 512K, 0% used [0x00000007dc100000,0x00000007dc100000,0x00000007dc180000)
 ParOldGen       total 86016K, used 33882K [0x0000000781c00000, 0x0000000787000000, 0x00000007d5e80000)
  object space 86016K, 39% used [0x0000000781c00000,0x0000000783d16858,0x0000000787000000)
 PSPermGen       total 21504K, used 9024K [0x000000077ca00000, 0x000000077df00000, 0x0000000781c00000)
  object space 21504K, 41% used [0x000000077ca00000,0x000000077d2d02d8,0x000000077df00000)
}
Event: 581.138 GC heap before
{Heap before GC invocations=1039 (full 0):
 PSYoungGen      total 61440K, used 60960K [0x00000007d5e80000, 0x00000007dc200000, 0x0000000800000000)
  eden space 60928K, 100% used [0x00000007d5e80000,0x00000007d9a00000,0x00000007d9a00000)
  from space 512K, 6% used [0x00000007dc180000,0x00000007dc188000,0x00000007dc200000)
  to   space 512K, 0% used [0x00000007dc100000,0x00000007dc100000,0x00000007dc180000)
 ParOldGen       total 86016K, used 33882K [0x0000000781c00000, 0x0000000787000000, 0x00000007d5e80000)
  object space 86016K, 39% used [0x0000000781c00000,0x0000000783d16858,0x0000000787000000)
 PSPermGen       total 21504K, used 9024K [0x000000077ca00000, 0x000000077df00000, 0x0000000781c00000)
  object space 21504K, 41% used [0x000000077ca00000,0x000000077d2d02d8,0x000000077df00000)
Event: 581.139 GC heap after
Heap after GC invocations=1039 (full 0):
 PSYoungGen      total 59904K, used 96K [0x00000007d5e80000, 0x00000007dc200000, 0x0000000800000000)
  eden space 59392K, 0% used [0x00000007d5e80000,0x00000007d5e80000,0x00000007d9880000)
  from space 512K, 18% used [0x00000007dc100000,0x00000007dc118000,0x00000007dc180000)
  to   space 512K, 0% used [0x00000007dc180000,0x00000007dc180000,0x00000007dc200000)
 ParOldGen       total 86016K, used 33882K [0x0000000781c00000, 0x0000000787000000, 0x00000007d5e80000)
  object space 86016K, 39% used [0x0000000781c00000,0x0000000783d16858,0x0000000787000000)
 PSPermGen       total 21504K, used 9024K [0x000000077ca00000, 0x000000077df00000, 0x0000000781c00000)
  object space 21504K, 41% used [0x000000077ca00000,0x000000077d2d02d8,0x000000077df00000)
}
Event: 582.002 GC heap before
{Heap before GC invocations=1040 (full 0):
 PSYoungGen      total 59904K, used 59488K [0x00000007d5e80000, 0x00000007dc200000, 0x0000000800000000)
  eden space 59392K, 100% used [0x00000007d5e80000,0x00000007d9880000,0x00000007d9880000)
  from space 512K, 18% used [0x00000007dc100000,0x00000007dc118000,0x00000007dc180000)
  to   space 512K, 0% used [0x00000007dc180000,0x00000007dc180000,0x00000007dc200000)
 ParOldGen       total 86016K, used 33882K [0x0000000781c00000, 0x0000000787000000, 0x00000007d5e80000)
  object space 86016K, 39% used [0x0000000781c00000,0x0000000783d16858,0x0000000787000000)
 PSPermGen       total 21504K, used 9024K [0x000000077ca00000, 0x000000077df00000, 0x0000000781c00000)
  object space 21504K, 41% used [0x000000077ca00000,0x000000077d2d02d8,0x000000077df00000)
Event: 582.006 GC heap after
Heap after GC invocations=1040 (full 0):
 PSYoungGen      total 58368K, used 64K [0x00000007d5e80000, 0x00000007dc200000, 0x0000000800000000)
  eden space 57856K, 0% used [0x00000007d5e80000,0x00000007d5e80000,0x00000007d9700000)
  from space 512K, 12% used [0x00000007dc180000,0x00000007dc190000,0x00000007dc200000)
  to   space 512K, 0% used [0x00000007dc100000,0x00000007dc100000,0x00000007dc180000)
 ParOldGen       total 86016K, used 33882K [0x0000000781c00000, 0x0000000787000000, 0x00000007d5e80000)
  object space 86016K, 39% used [0x0000000781c00000,0x0000000783d16858,0x0000000787000000)
 PSPermGen       total 21504K, used 9024K [0x000000077ca00000, 0x000000077df00000, 0x0000000781c00000)
  object space 21504K, 41% used [0x000000077ca00000,0x000000077d2d02d8,0x000000077df00000)
}

